{
  "RSpec": {
    "coverage": {
      "/Users/joaorocha/Documents/real-fevr/rf-backend-app/app/graphql/mutations/notification/create_notification.rb": {
        "lines": [
          1,
          1,
          1,
          1,
          1,
          null,
          1,
          null,
          1,
          1,
          null,
          null,
          null,
          null
        ]
      },
      "/Users/joaorocha/Documents/real-fevr/rf-backend-app/app/graphql/mutations/base_mutation.rb": {
        "lines": [
          1,
          1,
          null,
          null
        ]
      },
      "/Users/joaorocha/Documents/real-fevr/rf-backend-app/app/graphql/types/notification/notification_type.rb": {
        "lines": [
          null,
          null,
          1,
          1,
          1,
          1,
          null,
          1,
          1,
          null,
          null,
          null
        ]
      },
      "/Users/joaorocha/Documents/real-fevr/rf-backend-app/app/graphql/types/base_object.rb": {
        "lines": [
          1,
          1,
          1,
          1,
          1,
          null,
          null
        ]
      },
      "/Users/joaorocha/Documents/real-fevr/rf-backend-app/app/graphql/types/base_edge.rb": {
        "lines": [
          1,
          1,
          null,
          1,
          null,
          null
        ]
      },
      "/Users/joaorocha/Documents/real-fevr/rf-backend-app/app/graphql/types/base_connection.rb": {
        "lines": [
          1,
          1,
          null,
          1,
          null,
          null
        ]
      },
      "/Users/joaorocha/Documents/real-fevr/rf-backend-app/app/graphql/types/base_field.rb": {
        "lines": [
          1,
          1,
          1,
          null,
          null
        ]
      },
      "/Users/joaorocha/Documents/real-fevr/rf-backend-app/app/graphql/types/base_argument.rb": {
        "lines": [
          1,
          1,
          null,
          null
        ]
      },
      "/Users/joaorocha/Documents/real-fevr/rf-backend-app/app/graphql/types/support/basic_record_type.rb": {
        "lines": [
          null,
          null,
          1,
          1,
          1,
          1,
          null,
          1,
          1,
          1,
          null,
          null,
          null
        ]
      },
      "/Users/joaorocha/Documents/real-fevr/rf-backend-app/app/graphql/types/base_interface.rb": {
        "lines": [
          1,
          1,
          1,
          1,
          1,
          null,
          1,
          null,
          null
        ]
      },
      "/Users/joaorocha/Documents/real-fevr/rf-backend-app/app/graphql/mutations/player/create_player.rb": {
        "lines": [
          1,
          1,
          1,
          1,
          1,
          1,
          1,
          1,
          1,
          null,
          1,
          null,
          1,
          1,
          null,
          null,
          null,
          null
        ]
      },
      "/Users/joaorocha/Documents/real-fevr/rf-backend-app/app/graphql/types/player/player_type.rb": {
        "lines": [
          null,
          null,
          1,
          1,
          1,
          1,
          null,
          1,
          1,
          1,
          1,
          1,
          1,
          1,
          null,
          null,
          null
        ]
      },
      "/Users/joaorocha/Documents/real-fevr/rf-backend-app/app/graphql/types/team/team_type.rb": {
        "lines": [
          null,
          null,
          1,
          1,
          1,
          1,
          null,
          1,
          1,
          null,
          null,
          null
        ]
      },
      "/Users/joaorocha/Documents/real-fevr/rf-backend-app/app/graphql/mutations/player/delete_player.rb": {
        "lines": [
          1,
          1,
          1,
          1,
          null,
          1,
          null,
          1,
          2,
          null,
          4,
          null,
          null,
          null,
          null
        ]
      },
      "/Users/joaorocha/Documents/real-fevr/rf-backend-app/app/graphql/mutations/player/update_player.rb": {
        "lines": [
          1,
          1,
          1,
          1,
          1,
          1,
          1,
          1,
          1,
          1,
          null,
          1,
          null,
          1,
          2,
          null,
          4,
          null,
          null,
          null,
          null
        ]
      },
      "/Users/joaorocha/Documents/real-fevr/rf-backend-app/app/graphql/mutations/subscription/activate_subscription.rb": {
        "lines": [
          1,
          1,
          1,
          1,
          null,
          1,
          null,
          1,
          3,
          null,
          null,
          null,
          null,
          null,
          1,
          1,
          null,
          null,
          1,
          1,
          1,
          1,
          null,
          null,
          null,
          null,
          null
        ]
      },
      "/Users/joaorocha/Documents/real-fevr/rf-backend-app/app/graphql/types/subscription/player_user_subscription_type.rb": {
        "lines": [
          null,
          null,
          1,
          1,
          1,
          1,
          1,
          null,
          null,
          null
        ]
      },
      "/Users/joaorocha/Documents/real-fevr/rf-backend-app/app/graphql/types/user/user_type.rb": {
        "lines": [
          1,
          1,
          1,
          1,
          1,
          1,
          null,
          null,
          null
        ]
      },
      "/Users/joaorocha/Documents/real-fevr/rf-backend-app/app/graphql/mutations/subscription/cancel_subscription.rb": {
        "lines": [
          1,
          1,
          1,
          1,
          null,
          1,
          null,
          1,
          4,
          null,
          3,
          null,
          3,
          null,
          null,
          1,
          1,
          null,
          null,
          1,
          1,
          null,
          null,
          null,
          null
        ]
      },
      "/Users/joaorocha/Documents/real-fevr/rf-backend-app/app/graphql/mutations/team/create_team.rb": {
        "lines": [
          1,
          1,
          1,
          1,
          1,
          null,
          1,
          null,
          1,
          1,
          null,
          null,
          null,
          null
        ]
      },
      "/Users/joaorocha/Documents/real-fevr/rf-backend-app/app/graphql/mutations/team/delete_team.rb": {
        "lines": [
          1,
          1,
          1,
          1,
          null,
          1,
          null,
          1,
          2,
          null,
          4,
          null,
          null,
          null,
          null
        ]
      },
      "/Users/joaorocha/Documents/real-fevr/rf-backend-app/app/graphql/mutations/team/update_team.rb": {
        "lines": [
          1,
          1,
          1,
          1,
          1,
          1,
          null,
          1,
          null,
          1,
          2,
          null,
          4,
          null,
          null,
          null,
          null
        ]
      },
      "/Users/joaorocha/Documents/real-fevr/rf-backend-app/app/graphql/mutations/user/create_user.rb": {
        "lines": [
          1,
          1,
          1,
          null,
          null,
          1,
          1,
          null,
          null,
          1,
          1,
          1,
          null,
          1,
          null,
          1,
          1,
          null,
          null,
          null,
          null,
          null,
          null,
          null,
          null,
          null
        ]
      },
      "/Users/joaorocha/Documents/real-fevr/rf-backend-app/app/graphql/types/base_input_object.rb": {
        "lines": [
          1,
          1,
          1,
          null,
          null
        ]
      },
      "/Users/joaorocha/Documents/real-fevr/rf-backend-app/app/graphql/types/user/auth_provider_credentials_input.rb": {
        "lines": [
          1,
          1,
          1,
          null,
          1,
          null,
          1,
          1,
          null,
          null,
          null
        ]
      },
      "/Users/joaorocha/Documents/real-fevr/rf-backend-app/app/graphql/resolvers/player/player_list.rb": {
        "lines": [
          1,
          1,
          1,
          1,
          null,
          1,
          null,
          null,
          null,
          1,
          1,
          null,
          1,
          null,
          1,
          5,
          null,
          5,
          null,
          5,
          null,
          3,
          null,
          null,
          null,
          null
        ]
      },
      "/Users/joaorocha/Documents/real-fevr/rf-backend-app/app/graphql/resolvers/base.rb": {
        "lines": [
          1,
          1,
          null,
          null,
          null,
          null
        ]
      },
      "/Users/joaorocha/Documents/real-fevr/rf-backend-app/app/graphql/types/player/enums/order_by.rb": {
        "lines": [
          1,
          1,
          1,
          1,
          1,
          1,
          1,
          1,
          1,
          1,
          1,
          1,
          null,
          null,
          null,
          null
        ]
      },
      "/Users/joaorocha/Documents/real-fevr/rf-backend-app/app/graphql/types/base_enum.rb": {
        "lines": [
          1,
          1,
          null,
          null
        ]
      },
      "/Users/joaorocha/Documents/real-fevr/rf-backend-app/app/graphql/resolvers/team/team_list.rb": {
        "lines": [
          1,
          1,
          1,
          1,
          null,
          1,
          null,
          1,
          2,
          null,
          null,
          null,
          null
        ]
      },
      "/Users/joaorocha/Documents/real-fevr/rf-backend-app/app/mailers/notification_mailer.rb": {
        "lines": [
          1,
          1,
          null,
          null,
          1,
          1,
          1,
          null,
          1,
          null,
          null
        ]
      },
      "/Users/joaorocha/Documents/real-fevr/rf-backend-app/app/mailers/application_mailer.rb": {
        "lines": [
          1,
          1,
          null,
          1,
          null
        ]
      },
      "/Users/joaorocha/Documents/real-fevr/rf-backend-app/app/models/notification.rb": {
        "lines": [
          1,
          1,
          null
        ]
      },
      "/Users/joaorocha/Documents/real-fevr/rf-backend-app/app/models/application_record.rb": {
        "lines": [
          1,
          1,
          null
        ]
      },
      "/Users/joaorocha/Documents/real-fevr/rf-backend-app/app/models/player.rb": {
        "lines": [
          1,
          1,
          1,
          null,
          1,
          null,
          1,
          null,
          1,
          7,
          null,
          null,
          1,
          2,
          2,
          6,
          null,
          null,
          2,
          null,
          null
        ]
      },
      "/Users/joaorocha/Documents/real-fevr/rf-backend-app/app/models/player_user_subscription.rb": {
        "lines": [
          1,
          1,
          1,
          null
        ]
      },
      "/Users/joaorocha/Documents/real-fevr/rf-backend-app/app/models/team.rb": {
        "lines": [
          1,
          1,
          null,
          1,
          null
        ]
      },
      "/Users/joaorocha/Documents/real-fevr/rf-backend-app/app/models/user.rb": {
        "lines": [
          1,
          1,
          null,
          1,
          1,
          null,
          null,
          1,
          1,
          null
        ]
      },
      "/Users/joaorocha/Documents/real-fevr/rf-backend-app/app/publishers/notifications/broadcast_notification_publisher.rb": {
        "lines": [
          1,
          1,
          1,
          null,
          1,
          1,
          1,
          null,
          1,
          1,
          1,
          null,
          null,
          null,
          1,
          2,
          2,
          null,
          null,
          1,
          1,
          null,
          null,
          null,
          null,
          1,
          null,
          1,
          null,
          2,
          null,
          null,
          null,
          null,
          1,
          null,
          2,
          null,
          null,
          null,
          null,
          1,
          null,
          1,
          null,
          null,
          null,
          null,
          null,
          null
        ]
      },
      "/Users/joaorocha/Documents/real-fevr/rf-backend-app/app/publishers/notifications/create_notification_publisher.rb": {
        "lines": [
          1,
          1,
          1,
          null,
          1,
          1,
          1,
          null,
          1,
          1,
          1,
          null,
          null,
          null,
          1,
          2,
          2,
          null,
          null,
          1,
          1,
          null,
          null,
          null,
          null,
          1,
          null,
          1,
          null,
          2,
          null,
          null,
          null,
          null,
          1,
          null,
          2,
          null,
          null,
          null,
          null,
          1,
          null,
          1,
          null,
          null,
          null,
          null,
          null,
          null
        ]
      },
      "/Users/joaorocha/Documents/real-fevr/rf-backend-app/app/publishers/notifications/delayed/delete_notification_publisher.rb": {
        "lines": [
          null,
          null,
          1,
          1,
          1,
          1,
          null,
          1,
          1,
          1,
          1,
          null,
          1,
          1,
          1,
          null,
          null,
          null,
          1,
          2,
          null,
          null,
          1,
          1,
          null,
          null,
          null,
          null,
          1,
          null,
          1,
          null,
          1,
          null,
          null,
          1,
          null,
          null,
          null,
          1,
          2,
          null,
          null,
          null,
          null
        ]
      },
      "/Users/joaorocha/Documents/real-fevr/rf-backend-app/app/services/notification_services/create.rb": {
        "lines": [
          1,
          1,
          1,
          null,
          1,
          1,
          6,
          null,
          null,
          null,
          1,
          6,
          6,
          6,
          null,
          null,
          1,
          6,
          null,
          null,
          null,
          null,
          3,
          null,
          3,
          3,
          null,
          null,
          null
        ]
      },
      "/Users/joaorocha/Documents/real-fevr/rf-backend-app/app/services/notification_services/manager.rb": {
        "lines": [
          1,
          1,
          1,
          1,
          4,
          null,
          null,
          null,
          1,
          4,
          null,
          null,
          1,
          4,
          null,
          null,
          1,
          null,
          1,
          4,
          null,
          null,
          null
        ]
      },
      "/Users/joaorocha/Documents/real-fevr/rf-backend-app/app/services/notification_services/trigger_notification.rb": {
        "lines": [
          1,
          1,
          1,
          1,
          1,
          null,
          null,
          null,
          1,
          1,
          1,
          null,
          null,
          1,
          1,
          2,
          null,
          null,
          null,
          1,
          null,
          1,
          1,
          null,
          null,
          null
        ]
      },
      "/Users/joaorocha/Documents/real-fevr/rf-backend-app/app/workers/notifications/create_notification_worker.rb": {
        "lines": [
          1,
          1,
          1,
          null,
          1,
          null,
          null,
          null,
          1,
          2,
          null,
          2,
          null,
          2,
          null,
          2,
          null,
          1,
          null,
          1,
          null,
          1,
          null,
          1,
          null,
          null,
          1,
          null,
          2,
          null,
          null,
          null,
          null,
          null
        ]
      },
      "/Users/joaorocha/Documents/real-fevr/rf-backend-app/app/workers/notifications/delayed/delete_notification_worker.rb": {
        "lines": [
          1,
          1,
          1,
          1,
          null,
          1,
          null,
          null,
          null,
          null,
          null,
          null,
          null,
          1,
          2,
          null,
          2,
          null,
          1,
          null,
          1,
          null,
          null,
          null,
          null
        ]
      },
      "/Users/joaorocha/Documents/real-fevr/rf-backend-app/app/workers/notifications/notify_user_worker.rb": {
        "lines": [
          1,
          1,
          1,
          null,
          1,
          null,
          null,
          null,
          1,
          2,
          null,
          2,
          null,
          1,
          null,
          1,
          null,
          1,
          null,
          null,
          1,
          2,
          null,
          null,
          2,
          null,
          null,
          null,
          null,
          null,
          null
        ]
      },
      "/Users/joaorocha/Documents/real-fevr/rf-backend-app/app/controllers/graphql_controller.rb": {
        "lines": [
          1,
          1,
          44,
          44,
          44,
          null,
          null,
          44,
          null,
          null,
          44,
          44,
          null,
          0,
          0,
          null,
          null,
          1,
          null,
          null,
          1,
          null,
          44,
          null,
          7,
          7,
          7,
          7,
          null,
          0,
          null,
          null,
          null,
          1,
          null,
          null,
          null,
          1,
          0,
          0,
          null,
          0,
          null,
          null
        ]
      },
      "/Users/joaorocha/Documents/real-fevr/rf-backend-app/app/controllers/application_controller.rb": {
        "lines": [
          1,
          null
        ]
      },
      "/Users/joaorocha/Documents/real-fevr/rf-backend-app/app/graphql/rf_backend_app_schema.rb": {
        "lines": [
          1,
          1,
          1,
          null,
          null,
          1,
          null,
          null,
          1,
          null,
          null,
          null,
          null,
          0,
          null,
          null,
          null,
          1,
          null,
          null,
          0,
          null,
          null,
          null,
          null,
          null,
          1,
          null,
          0,
          null,
          0,
          0,
          null,
          0,
          null,
          0,
          0,
          null,
          null,
          null,
          1,
          null,
          null,
          0,
          null,
          0,
          null,
          0,
          0,
          null,
          null
        ]
      },
      "/Users/joaorocha/Documents/real-fevr/rf-backend-app/app/graphql/types/mutation_type.rb": {
        "lines": [
          1,
          1,
          null,
          1,
          1,
          1,
          null,
          null,
          1,
          1,
          1,
          null,
          null,
          1,
          null,
          null,
          1,
          1,
          null,
          null,
          1,
          1,
          null,
          null
        ]
      },
      "/Users/joaorocha/Documents/real-fevr/rf-backend-app/app/graphql/mutations/user/sign_in_user.rb": {
        "lines": [
          1,
          1,
          1,
          1,
          null,
          1,
          null,
          1,
          1,
          null,
          1,
          null,
          7,
          null,
          7,
          null,
          null,
          7,
          7,
          null,
          null,
          7,
          7,
          null,
          7,
          null,
          7,
          null,
          null,
          null,
          null
        ]
      },
      "/Users/joaorocha/Documents/real-fevr/rf-backend-app/app/graphql/types/query_type.rb": {
        "lines": [
          1,
          1,
          null,
          1,
          1,
          null,
          1,
          1,
          1,
          null,
          null
        ]
      },
      "/Users/joaorocha/Documents/real-fevr/rf-backend-app/app/graphql/resolvers/notification/notification_list.rb": {
        "lines": [
          1,
          1,
          1,
          1,
          null,
          1,
          null,
          1,
          1,
          null,
          null,
          null,
          null
        ]
      },
      "/Users/joaorocha/Documents/real-fevr/rf-backend-app/lib/shared/rabbitmq/publisher.rb": {
        "lines": [
          null,
          null,
          1,
          1,
          1,
          1,
          1,
          null,
          1,
          null,
          1,
          0,
          0,
          0,
          0,
          0,
          0,
          0,
          null,
          null,
          1,
          0,
          null,
          null,
          null,
          null,
          null,
          null,
          null,
          0,
          null,
          null,
          1,
          null,
          1,
          0,
          0,
          null,
          0,
          null,
          0,
          null,
          null,
          1,
          0,
          null,
          null,
          1,
          0,
          0,
          null,
          null,
          1,
          0,
          null,
          null,
          1,
          0,
          null,
          null,
          null,
          null
        ]
      },
      "/Users/joaorocha/Documents/real-fevr/rf-backend-app/lib/shared/rabbitmq/config/loadable.rb": {
        "lines": [
          null,
          null,
          1,
          1,
          1,
          1,
          1,
          0,
          null,
          null,
          null,
          1,
          0,
          null,
          null,
          1,
          0,
          null,
          null,
          1,
          0,
          null,
          0,
          null,
          null,
          null,
          1,
          1,
          null,
          null,
          null,
          null,
          null
        ]
      }
    },
    "timestamp": 1678336787
  }
}
